{"C:\\Users\\evanl\\OneDrive\\Desktop\\practice\\Marcy\\codechallenges\\Code_Test\\codeJS\\primeChecker.js": {"path":"C:\\Users\\evanl\\OneDrive\\Desktop\\practice\\Marcy\\codechallenges\\Code_Test\\codeJS\\primeChecker.js","statementMap":{"0":{"start":{"line":2,"column":13},"end":{"line":2,"column":27}},"1":{"start":{"line":3,"column":4},"end":{"line":5,"column":5}},"2":{"start":{"line":3,"column":16},"end":{"line":3,"column":17}},"3":{"start":{"line":4,"column":8},"end":{"line":4,"column":38}},"4":{"start":{"line":4,"column":26},"end":{"line":4,"column":38}},"5":{"start":{"line":6,"column":4},"end":{"line":6,"column":19}},"6":{"start":{"line":9,"column":0},"end":{"line":9,"column":29}}},"fnMap":{"0":{"name":"primeChecker","decl":{"start":{"line":1,"column":9},"end":{"line":1,"column":21}},"loc":{"start":{"line":1,"column":26},"end":{"line":7,"column":1}},"line":1}},"branchMap":{"0":{"loc":{"start":{"line":4,"column":8},"end":{"line":4,"column":38}},"type":"if","locations":[{"start":{"line":4,"column":8},"end":{"line":4,"column":38}},{"start":{},"end":{}}],"line":4}},"s":{"0":3,"1":3,"2":3,"3":1,"4":0,"5":3,"6":1},"f":{"0":3},"b":{"0":[0,1]},"_coverageSchema":"1a1c01bbd47fc00a2c39e90264f33305004495a9","hash":"54cc416506ab02c2f10b2e8f8a2444980bb19e07"}
}
